-- 01_basic.sql: extension load/unload, reset function, stats function
-- Extension can be created
CREATE EXTENSION pg_enhanced_query_logging;
-- Extension shows up in pg_extension
SELECT extname, extversion FROM pg_extension
 WHERE extname = 'pg_enhanced_query_logging';
          extname          | extversion 
---------------------------+------------
 pg_enhanced_query_logging | 1.3
(1 row)

-- The reset function exists and is callable by superuser.
-- The NOTICE contains an absolute path that varies per system, so suppress it.
SET client_min_messages = warning;
SELECT pg_enhanced_query_logging_reset();
 pg_enhanced_query_logging_reset 
---------------------------------
 t
(1 row)

RESET client_min_messages;
-- The stats function returns a valid row with all expected columns.
SELECT queries_logged >= 0 AS logged_ok,
       queries_skipped >= 0 AS skipped_ok,
       bytes_written >= 0 AS bytes_ok,
       disk_paused IS NOT NULL AS paused_ok,
       disk_skipped >= 0 AS disk_skipped_ok
  FROM pg_enhanced_query_logging_stats();
 logged_ok | skipped_ok | bytes_ok | paused_ok | disk_skipped_ok 
-----------+------------+----------+-----------+-----------------
 t         | t          | t        | t         | t
(1 row)

-- Extension can be dropped cleanly
DROP EXTENSION pg_enhanced_query_logging;
-- Verify it's gone
SELECT count(*) FROM pg_extension
 WHERE extname = 'pg_enhanced_query_logging';
 count 
-------
     0
(1 row)

